<?xml version="1.0" encoding="UTF-8"?>
<beans xmlns="http://www.springframework.org/schema/beans"
	xmlns:context="http://www.springframework.org/schema/context"
	xmlns:xsi="http://www.w3.org/2001/XMLSchema-instance" xmlns:mvc="http://www.springframework.org/schema/mvc"
	xsi:schemaLocation="http://www.springframework.org/schema/beans http://www.springframework.org/schema/beans/spring-beans-4.1.xsd
                           http://www.springframework.org/schema/context http://www.springframework.org/schema/context/spring-context-4.1.xsd
                           http://www.springframework.org/schema/mvc http://www.springframework.org/schema/mvc/spring-mvc-4.1.xsd">
	<context:component-scan base-package="com.zf.live.dao" />
	<context:annotation-config />
	
	<context:property-placeholder location="test-live-dao.properties" /> 
	
	<bean id="dataSource" class="com.mchange.v2.c3p0.ComboPooledDataSource"
		destroy-method="close">
		
		 <property name="driverClass" value="${db.driver}"></property>
        <property name="jdbcUrl" value="${db.url}"></property>
        <property name="user" value="${db.username}"></property>
        <property name="password" value="${db.password}"></property>
 
        <property name="initialPoolSize" value="5"></property>
 
        <!--最大空闲时间,60秒内未使用则连接被丢弃。若为0则永不丢弃。Default: 0 -->
        <property name="maxIdleTime" value="0"></property>
        <!--连接池中保留的最大连接数。Default: 15 -->
        <property name="maxPoolSize" value="20"></property>
        <property name="minPoolSize" value="5"></property>
 
        <!--当连接池中的连接耗尽的时候c3p0一次同时获取的连接数。Default: 3 -->
        <property name="acquireIncrement" value="3"></property>
        <!--两次连接中间隔时间，单位毫秒。Default: 1000 -->
        <property name="acquireRetryDelay" value="1000"></property>
        <!--定义在从数据库获取新连接失败后重复尝试的次数。Default: 30 -->
        <property name="acquireRetryAttempts" value="30"></property>
        <!--获取连接失败将会引起所有等待连接池来获取连接的线程抛出异常。但是数据源仍有效保留，并在下次调用getConnection()的时候继续尝试获取连接。如果设为true，那么在尝试
            获取连接失败后该数据源将申明已断开并永久关闭。Default: false -->
        <property name="breakAfterAcquireFailure" value="false"></property>
	</bean>


	<bean id="sqlSessionFactory" class="org.mybatis.spring.SqlSessionFactoryBean">
		<property name="dataSource" ref="dataSource" />
	</bean>

	<bean class="org.mybatis.spring.mapper.MapperScannerConfigurer">
		<property name="basePackage" value="com.zf.live.dao.mapper" />
		<property name="sqlSessionFactoryBeanName" value="sqlSessionFactory" />
	</bean>

</beans>
