<?xml version="1.0" encoding="UTF-8"?>
<beans xmlns="http://www.springframework.org/schema/beans"
	xmlns:context="http://www.springframework.org/schema/context" xmlns:tx="http://www.springframework.org/schema/tx"
	xmlns:aop="http://www.springframework.org/schema/aop" xmlns:xsi="http://www.w3.org/2001/XMLSchema-instance"
	xmlns:mvc="http://www.springframework.org/schema/mvc" xmlns:p="http://www.springframework.org/schema/p"
	xsi:schemaLocation="http://www.springframework.org/schema/beans http://www.springframework.org/schema/beans/spring-beans-4.1.xsd
						   http://www.springframework.org/schema/aop http://www.springframework.org/schema/aop/spring-aop-4.1.xsd
						   http://www.springframework.org/schema/tx http://www.springframework.org/schema/tx/spring-tx-4.1.xsd
                           http://www.springframework.org/schema/context http://www.springframework.org/schema/context/spring-context-4.1.xsd
                           http://www.springframework.org/schema/mvc http://www.springframework.org/schema/mvc/spring-mvc-4.1.xsd">

	<context:component-scan base-package="com.zf.live.service" />
	<context:annotation-config />

	<bean id="propertiesConfig" class="com.zf.live.common.ZFSpringPropertyConfigure">
		<property name="locations">
			<array>
				<value>classpath*:*app*.properties</value>
			</array>
		</property>
	</bean>

	<import resource="classpath*:dao-beans.xml" />
	
	<aop:aspectj-autoproxy  proxy-target-class="true"  />
	
	<bean id="defaultIdxcodeGenerator" class="com.zf.live.common.generator.DefaultIdxcodeGenerator" />


	<!-- Redis配置 -->
	<bean id="jedisPoolConfig" class="redis.clients.jedis.JedisPoolConfig">
		<property name="maxTotal" value="${redis.maxTotal}" />
		<property name="maxIdle" value="${redis.maxIdle}" />
	</bean>
	
	<bean id="jedisPool" class="redis.clients.jedis.JedisPool" destroy-method="destroy">
	    	<constructor-arg index="0" ref="jedisPoolConfig" />
	        <constructor-arg index="1" value="${redis.host}"/>
	        <constructor-arg index="2" value="${redis.port}"/>
	        <constructor-arg index="3" value="${redis.timeout}"/>
	        <constructor-arg index="4" value="${redis.password}"/>
	</bean>


	<!-- 方法参数AOP校验 -->
	<bean id="validateMethodAspect" class="com.zf.live.common.validate.advice.ValidateMethodAspect" init-method="init" >
		<property name="handlers">
			<map>
				<entry key="com.zf.live.common.validate.Notnull"  value="com.zf.live.common.validate.handler.NotnullInvokeMethodHandler" /> 
				<entry key="com.zf.live.common.validate.LoginName"  value="com.zf.live.common.validate.handler.LoginNameInvokeMethodHandler" /> 
				<entry key="com.zf.live.common.validate.IsInteger"  value="com.zf.live.common.validate.handler.IsIntegerInvokerMethodHandler" /> 
				<entry key="com.zf.live.common.validate.Regexp"  value="com.zf.live.common.validate.handler.RegexpInvokeMethodHandler" /> 
			</map>
		</property> 
	</bean>
	<aop:config>
		<aop:pointcut id="servicePoint" expression="execution(* com.zf.live.service.impl..*.*(..))"  />
		<aop:aspect ref="validateMethodAspect" > 
			<aop:around  method="validate" pointcut-ref="servicePoint" />
		</aop:aspect>
	</aop:config>


</beans>
